0 info it worked if it ends with ok
1 verbose cli [ 'C:\\Programs\\DCPS\\nodejs\\node.exe',
1 verbose cli   'C:\\Programs\\DCPS\\nodejs\\node_modules\\npm\\bin\\npm-cli.js',
1 verbose cli   'start' ]
2 info using npm@3.10.8
3 info using node@v6.9.2
4 verbose run-script [ 'prestart', 'start', 'poststart' ]
5 info lifecycle peter_site@1.0.0~prestart: peter_site@1.0.0
6 silly lifecycle peter_site@1.0.0~prestart: no script for prestart, continuing
7 info lifecycle peter_site@1.0.0~start: peter_site@1.0.0
8 verbose lifecycle peter_site@1.0.0~start: unsafe-perm in lifecycle true
9 verbose lifecycle peter_site@1.0.0~start: PATH: C:\Programs\DCPS\nodejs\node_modules\npm\bin\node-gyp-bin;K:\ed\Projects\Professional Node Site\node_modules\.bin;C:\Program Files (x86)\Integrity\IntegrityClient10\bin;C:\Program Files (x86)\Intel\iCLS Client\;C:\Program Files\Intel\iCLS Client\;C:\oracle\product\12.1.0\client_1\bin;C:\Program Files (x86)\CA\DCS\CAWIN\;C:\windows\system32;C:\windows;C:\windows\System32\Wbem;C:\windows\System32\WindowsPowerShell\v1.0\;C:\windows\esisoft;C:\Program Files (x86)\IBM\Personal Communications\;C:\Program Files (x86)\IBM\Trace Facility\;C:\Program Files\Internet Explorer;C:\PROGRA~2\DB2COPY1\BIN;C:\PROGRA~2\DB2COPY1\FUNCTION;C:\Program Files\Intel\Intel(R) Management Engine Components\DAL;C:\Program Files\Intel\Intel(R) Management Engine Components\IPT;C:\Program Files (x86)\Intel\Intel(R) Management Engine Components\DAL;C:\Program Files (x86)\Intel\Intel(R) Management Engine Components\IPT;C:\PROGRA~2\INTEGR~1\Toolkit\mksnt;C:\Program Files\SSA\SSACrypto;C:\windows\System32\WindowsPowerShell\v1.0\;%M@_HOME%\bin;c:\mde-tools\apache-maven-3.3.3\bin;C:\Program Files\Git\;C:\Program Files (x86)\Brackets\command;C:\programs\dcps\nodejs\;C:Programs\dcps\npm;C:\Programs\DCPS\PostgreSQL\pg96\bin;C:\Program Files\MySQL\MySQL Utilities 1.6\;C:\Users\737823\AppData\Roaming\npm;C:\Programs\DCPS\PostgreSQL\9.6\bin;C:\WS\Curl
10 verbose lifecycle peter_site@1.0.0~start: CWD: K:\ed\Projects\Professional Node Site
11 silly lifecycle peter_site@1.0.0~start: Args: [ '/d /s /c', 'nodemon server.js' ]
12 silly lifecycle peter_site@1.0.0~start: Returned: code: 1  signal: null
13 info lifecycle peter_site@1.0.0~start: Failed to exec start script
14 verbose stack Error: peter_site@1.0.0 start: `nodemon server.js`
14 verbose stack Exit status 1
14 verbose stack     at EventEmitter.<anonymous> (C:\Programs\DCPS\nodejs\node_modules\npm\lib\utils\lifecycle.js:255:16)
14 verbose stack     at emitTwo (events.js:106:13)
14 verbose stack     at EventEmitter.emit (events.js:191:7)
14 verbose stack     at ChildProcess.<anonymous> (C:\Programs\DCPS\nodejs\node_modules\npm\lib\utils\spawn.js:40:14)
14 verbose stack     at emitTwo (events.js:106:13)
14 verbose stack     at ChildProcess.emit (events.js:191:7)
14 verbose stack     at maybeClose (internal/child_process.js:877:16)
14 verbose stack     at Process.ChildProcess._handle.onexit (internal/child_process.js:226:5)
15 verbose pkgid peter_site@1.0.0
16 verbose cwd K:\ed\Projects\Professional Node Site
17 error Windows_NT 6.1.7601
18 error argv "C:\\Programs\\DCPS\\nodejs\\node.exe" "C:\\Programs\\DCPS\\nodejs\\node_modules\\npm\\bin\\npm-cli.js" "start"
19 error node v6.9.2
20 error npm  v3.10.8
21 error code ELIFECYCLE
22 error peter_site@1.0.0 start: `nodemon server.js`
22 error Exit status 1
23 error Failed at the peter_site@1.0.0 start script 'nodemon server.js'.
23 error Make sure you have the latest version of node.js and npm installed.
23 error If you do, this is most likely a problem with the peter_site package,
23 error not with npm itself.
23 error Tell the author that this fails on your system:
23 error     nodemon server.js
23 error You can get information on how to open an issue for this project with:
23 error     npm bugs peter_site
23 error Or if that isn't available, you can get their info via:
23 error     npm owner ls peter_site
23 error There is likely additional logging output above.
24 verbose exit [ 1, true ]
